[2026-03-12 03:48:35,916][httpx][INFO] - HTTP Request: GET https://huggingface.co/api/models/Alibaba-DAMO-Academy/RynnBrain-2B/tree/main/additional_chat_templates?recursive=false&expand=false "HTTP/1.1 404 Not Found"
[2026-03-12 03:48:36,282][httpx][INFO] - HTTP Request: HEAD https://huggingface.co/Alibaba-DAMO-Academy/RynnBrain-2B/resolve/main/processor_config.json "HTTP/1.1 404 Not Found"
[2026-03-12 03:48:36,687][httpx][INFO] - HTTP Request: HEAD https://huggingface.co/Alibaba-DAMO-Academy/RynnBrain-2B/resolve/main/chat_template.json "HTTP/1.1 404 Not Found"
[2026-03-12 03:48:36,688][huggingface_hub.utils._http][WARNING] - Warning: You are sending unauthenticated requests to the HF Hub. Please set a HF_TOKEN to enable higher rate limits and faster downloads.
[2026-03-12 03:48:37,077][httpx][INFO] - HTTP Request: HEAD https://huggingface.co/Alibaba-DAMO-Academy/RynnBrain-2B/resolve/main/chat_template.jinja "HTTP/1.1 307 Temporary Redirect"
[2026-03-12 03:48:37,370][httpx][INFO] - HTTP Request: HEAD https://huggingface.co/api/resolve-cache/models/Alibaba-DAMO-Academy/RynnBrain-2B/03256cf02fe39a14700d3ea015b3fd950bc4db30/chat_template.jinja "HTTP/1.1 200 OK"
[2026-03-12 03:48:37,777][httpx][INFO] - HTTP Request: HEAD https://huggingface.co/Alibaba-DAMO-Academy/RynnBrain-2B/resolve/main/audio_tokenizer_config.json "HTTP/1.1 404 Not Found"
[2026-03-12 03:48:38,142][httpx][INFO] - HTTP Request: HEAD https://huggingface.co/Alibaba-DAMO-Academy/RynnBrain-2B/resolve/main/processor_config.json "HTTP/1.1 404 Not Found"
[2026-03-12 03:48:38,501][httpx][INFO] - HTTP Request: HEAD https://huggingface.co/Alibaba-DAMO-Academy/RynnBrain-2B/resolve/main/preprocessor_config.json "HTTP/1.1 307 Temporary Redirect"
[2026-03-12 03:48:38,847][httpx][INFO] - HTTP Request: HEAD https://huggingface.co/api/resolve-cache/models/Alibaba-DAMO-Academy/RynnBrain-2B/03256cf02fe39a14700d3ea015b3fd950bc4db30/preprocessor_config.json "HTTP/1.1 200 OK"
[2026-03-12 03:48:39,246][httpx][INFO] - HTTP Request: HEAD https://huggingface.co/Alibaba-DAMO-Academy/RynnBrain-2B/resolve/main/processor_config.json "HTTP/1.1 404 Not Found"
[2026-03-12 03:48:39,648][httpx][INFO] - HTTP Request: HEAD https://huggingface.co/Alibaba-DAMO-Academy/RynnBrain-2B/resolve/main/preprocessor_config.json "HTTP/1.1 307 Temporary Redirect"
[2026-03-12 03:48:39,971][httpx][INFO] - HTTP Request: HEAD https://huggingface.co/api/resolve-cache/models/Alibaba-DAMO-Academy/RynnBrain-2B/03256cf02fe39a14700d3ea015b3fd950bc4db30/preprocessor_config.json "HTTP/1.1 200 OK"
[2026-03-12 03:48:40,349][httpx][INFO] - HTTP Request: HEAD https://huggingface.co/Alibaba-DAMO-Academy/RynnBrain-2B/resolve/main/config.json "HTTP/1.1 307 Temporary Redirect"
[2026-03-12 03:48:40,683][httpx][INFO] - HTTP Request: HEAD https://huggingface.co/api/resolve-cache/models/Alibaba-DAMO-Academy/RynnBrain-2B/03256cf02fe39a14700d3ea015b3fd950bc4db30/config.json "HTTP/1.1 200 OK"
[2026-03-12 03:48:41,050][httpx][INFO] - HTTP Request: HEAD https://huggingface.co/Alibaba-DAMO-Academy/RynnBrain-2B/resolve/main/tokenizer_config.json "HTTP/1.1 307 Temporary Redirect"
[2026-03-12 03:48:41,351][httpx][INFO] - HTTP Request: HEAD https://huggingface.co/api/resolve-cache/models/Alibaba-DAMO-Academy/RynnBrain-2B/03256cf02fe39a14700d3ea015b3fd950bc4db30/tokenizer_config.json "HTTP/1.1 200 OK"
[2026-03-12 03:48:41,763][httpx][INFO] - HTTP Request: GET https://huggingface.co/api/models/Alibaba-DAMO-Academy/RynnBrain-2B/tree/main/additional_chat_templates?recursive=false&expand=false "HTTP/1.1 404 Not Found"
[2026-03-12 03:48:42,139][httpx][INFO] - HTTP Request: GET https://huggingface.co/api/models/Alibaba-DAMO-Academy/RynnBrain-2B/tree/main?recursive=true&expand=false "HTTP/1.1 200 OK"
[2026-03-12 03:48:43,391][httpx][INFO] - HTTP Request: GET https://huggingface.co/api/models/Alibaba-DAMO-Academy/RynnBrain-2B "HTTP/1.1 200 OK"
[2026-03-12 03:48:43,770][httpx][INFO] - HTTP Request: HEAD https://huggingface.co/Alibaba-DAMO-Academy/RynnBrain-2B/resolve/main/processor_config.json "HTTP/1.1 404 Not Found"
[2026-03-12 03:48:44,167][httpx][INFO] - HTTP Request: HEAD https://huggingface.co/Alibaba-DAMO-Academy/RynnBrain-2B/resolve/main/video_preprocessor_config.json "HTTP/1.1 307 Temporary Redirect"
[2026-03-12 03:48:44,508][httpx][INFO] - HTTP Request: HEAD https://huggingface.co/api/resolve-cache/models/Alibaba-DAMO-Academy/RynnBrain-2B/03256cf02fe39a14700d3ea015b3fd950bc4db30/video_preprocessor_config.json "HTTP/1.1 200 OK"
[2026-03-12 03:48:44,876][httpx][INFO] - HTTP Request: HEAD https://huggingface.co/Alibaba-DAMO-Academy/RynnBrain-2B/resolve/main/preprocessor_config.json "HTTP/1.1 307 Temporary Redirect"
[2026-03-12 03:48:45,199][httpx][INFO] - HTTP Request: HEAD https://huggingface.co/api/resolve-cache/models/Alibaba-DAMO-Academy/RynnBrain-2B/03256cf02fe39a14700d3ea015b3fd950bc4db30/preprocessor_config.json "HTTP/1.1 200 OK"
[2026-03-12 03:48:45,616][httpx][INFO] - HTTP Request: HEAD https://huggingface.co/Alibaba-DAMO-Academy/RynnBrain-2B/resolve/main/processor_config.json "HTTP/1.1 404 Not Found"
[2026-03-12 03:48:46,000][httpx][INFO] - HTTP Request: HEAD https://huggingface.co/Alibaba-DAMO-Academy/RynnBrain-2B/resolve/main/video_preprocessor_config.json "HTTP/1.1 307 Temporary Redirect"
[2026-03-12 03:48:46,345][httpx][INFO] - HTTP Request: HEAD https://huggingface.co/api/resolve-cache/models/Alibaba-DAMO-Academy/RynnBrain-2B/03256cf02fe39a14700d3ea015b3fd950bc4db30/video_preprocessor_config.json "HTTP/1.1 200 OK"
[2026-03-12 03:48:46,768][httpx][INFO] - HTTP Request: HEAD https://huggingface.co/Alibaba-DAMO-Academy/RynnBrain-2B/resolve/main/preprocessor_config.json "HTTP/1.1 307 Temporary Redirect"
[2026-03-12 03:48:47,107][httpx][INFO] - HTTP Request: HEAD https://huggingface.co/api/resolve-cache/models/Alibaba-DAMO-Academy/RynnBrain-2B/03256cf02fe39a14700d3ea015b3fd950bc4db30/preprocessor_config.json "HTTP/1.1 200 OK"
[2026-03-12 03:48:48,259][httpx][INFO] - HTTP Request: HEAD https://huggingface.co/Alibaba-DAMO-Academy/RynnBrain-2B/resolve/main/config.json "HTTP/1.1 307 Temporary Redirect"
[2026-03-12 03:48:48,570][httpx][INFO] - HTTP Request: HEAD https://huggingface.co/api/resolve-cache/models/Alibaba-DAMO-Academy/RynnBrain-2B/03256cf02fe39a14700d3ea015b3fd950bc4db30/config.json "HTTP/1.1 200 OK"
[2026-03-12 03:48:48,947][httpx][INFO] - HTTP Request: HEAD https://huggingface.co/Alibaba-DAMO-Academy/RynnBrain-2B/resolve/main/model.safetensors "HTTP/1.1 302 Found"
[2026-03-12 03:48:49,645][httpx][INFO] - HTTP Request: HEAD https://huggingface.co/Alibaba-DAMO-Academy/RynnBrain-2B/resolve/main/generation_config.json "HTTP/1.1 307 Temporary Redirect"
[2026-03-12 03:48:49,959][httpx][INFO] - HTTP Request: HEAD https://huggingface.co/api/resolve-cache/models/Alibaba-DAMO-Academy/RynnBrain-2B/03256cf02fe39a14700d3ea015b3fd950bc4db30/generation_config.json "HTTP/1.1 200 OK"
