[2026-03-10 12:34:29,615][httpx][INFO] - HTTP Request: GET https://huggingface.co/api/models/Alibaba-DAMO-Academy/RynnBrain-2B/tree/main/additional_chat_templates?recursive=false&expand=false "HTTP/1.1 404 Not Found"
[2026-03-10 12:34:29,912][httpx][INFO] - HTTP Request: HEAD https://huggingface.co/Alibaba-DAMO-Academy/RynnBrain-2B/resolve/main/processor_config.json "HTTP/1.1 404 Not Found"
[2026-03-10 12:34:30,201][httpx][INFO] - HTTP Request: HEAD https://huggingface.co/Alibaba-DAMO-Academy/RynnBrain-2B/resolve/main/chat_template.json "HTTP/1.1 404 Not Found"
[2026-03-10 12:34:30,522][httpx][INFO] - HTTP Request: HEAD https://huggingface.co/Alibaba-DAMO-Academy/RynnBrain-2B/resolve/main/chat_template.jinja "HTTP/1.1 307 Temporary Redirect"
[2026-03-10 12:34:30,592][httpx][INFO] - HTTP Request: HEAD https://huggingface.co/api/resolve-cache/models/Alibaba-DAMO-Academy/RynnBrain-2B/03256cf02fe39a14700d3ea015b3fd950bc4db30/chat_template.jinja "HTTP/1.1 200 OK"
[2026-03-10 12:34:30,890][httpx][INFO] - HTTP Request: HEAD https://huggingface.co/Alibaba-DAMO-Academy/RynnBrain-2B/resolve/main/audio_tokenizer_config.json "HTTP/1.1 404 Not Found"
[2026-03-10 12:34:31,185][httpx][INFO] - HTTP Request: HEAD https://huggingface.co/Alibaba-DAMO-Academy/RynnBrain-2B/resolve/main/processor_config.json "HTTP/1.1 404 Not Found"
[2026-03-10 12:34:31,483][httpx][INFO] - HTTP Request: HEAD https://huggingface.co/Alibaba-DAMO-Academy/RynnBrain-2B/resolve/main/preprocessor_config.json "HTTP/1.1 307 Temporary Redirect"
[2026-03-10 12:34:31,554][httpx][INFO] - HTTP Request: HEAD https://huggingface.co/api/resolve-cache/models/Alibaba-DAMO-Academy/RynnBrain-2B/03256cf02fe39a14700d3ea015b3fd950bc4db30/preprocessor_config.json "HTTP/1.1 200 OK"
[2026-03-10 12:34:31,910][httpx][INFO] - HTTP Request: HEAD https://huggingface.co/Alibaba-DAMO-Academy/RynnBrain-2B/resolve/main/processor_config.json "HTTP/1.1 404 Not Found"
[2026-03-10 12:34:31,911][huggingface_hub.utils._http][WARNING] - Warning: You are sending unauthenticated requests to the HF Hub. Please set a HF_TOKEN to enable higher rate limits and faster downloads.
[2026-03-10 12:34:32,218][httpx][INFO] - HTTP Request: HEAD https://huggingface.co/Alibaba-DAMO-Academy/RynnBrain-2B/resolve/main/preprocessor_config.json "HTTP/1.1 307 Temporary Redirect"
[2026-03-10 12:34:32,301][httpx][INFO] - HTTP Request: HEAD https://huggingface.co/api/resolve-cache/models/Alibaba-DAMO-Academy/RynnBrain-2B/03256cf02fe39a14700d3ea015b3fd950bc4db30/preprocessor_config.json "HTTP/1.1 200 OK"
[2026-03-10 12:34:32,596][httpx][INFO] - HTTP Request: HEAD https://huggingface.co/Alibaba-DAMO-Academy/RynnBrain-2B/resolve/main/config.json "HTTP/1.1 307 Temporary Redirect"
[2026-03-10 12:34:32,671][httpx][INFO] - HTTP Request: HEAD https://huggingface.co/api/resolve-cache/models/Alibaba-DAMO-Academy/RynnBrain-2B/03256cf02fe39a14700d3ea015b3fd950bc4db30/config.json "HTTP/1.1 200 OK"
[2026-03-10 12:34:32,989][httpx][INFO] - HTTP Request: HEAD https://huggingface.co/Alibaba-DAMO-Academy/RynnBrain-2B/resolve/main/tokenizer_config.json "HTTP/1.1 307 Temporary Redirect"
[2026-03-10 12:34:33,068][httpx][INFO] - HTTP Request: HEAD https://huggingface.co/api/resolve-cache/models/Alibaba-DAMO-Academy/RynnBrain-2B/03256cf02fe39a14700d3ea015b3fd950bc4db30/tokenizer_config.json "HTTP/1.1 200 OK"
[2026-03-10 12:34:33,373][httpx][INFO] - HTTP Request: GET https://huggingface.co/api/models/Alibaba-DAMO-Academy/RynnBrain-2B/tree/main/additional_chat_templates?recursive=false&expand=false "HTTP/1.1 404 Not Found"
[2026-03-10 12:34:33,698][httpx][INFO] - HTTP Request: GET https://huggingface.co/api/models/Alibaba-DAMO-Academy/RynnBrain-2B/tree/main?recursive=true&expand=false "HTTP/1.1 200 OK"
[2026-03-10 12:34:34,795][httpx][INFO] - HTTP Request: GET https://huggingface.co/api/models/Alibaba-DAMO-Academy/RynnBrain-2B "HTTP/1.1 200 OK"
[2026-03-10 12:34:35,176][httpx][INFO] - HTTP Request: HEAD https://huggingface.co/Alibaba-DAMO-Academy/RynnBrain-2B/resolve/main/processor_config.json "HTTP/1.1 404 Not Found"
[2026-03-10 12:34:35,487][httpx][INFO] - HTTP Request: HEAD https://huggingface.co/Alibaba-DAMO-Academy/RynnBrain-2B/resolve/main/video_preprocessor_config.json "HTTP/1.1 307 Temporary Redirect"
[2026-03-10 12:34:35,565][httpx][INFO] - HTTP Request: HEAD https://huggingface.co/api/resolve-cache/models/Alibaba-DAMO-Academy/RynnBrain-2B/03256cf02fe39a14700d3ea015b3fd950bc4db30/video_preprocessor_config.json "HTTP/1.1 200 OK"
[2026-03-10 12:34:35,863][httpx][INFO] - HTTP Request: HEAD https://huggingface.co/Alibaba-DAMO-Academy/RynnBrain-2B/resolve/main/preprocessor_config.json "HTTP/1.1 307 Temporary Redirect"
[2026-03-10 12:34:35,949][httpx][INFO] - HTTP Request: HEAD https://huggingface.co/api/resolve-cache/models/Alibaba-DAMO-Academy/RynnBrain-2B/03256cf02fe39a14700d3ea015b3fd950bc4db30/preprocessor_config.json "HTTP/1.1 200 OK"
[2026-03-10 12:34:36,310][httpx][INFO] - HTTP Request: HEAD https://huggingface.co/Alibaba-DAMO-Academy/RynnBrain-2B/resolve/main/processor_config.json "HTTP/1.1 404 Not Found"
[2026-03-10 12:34:36,633][httpx][INFO] - HTTP Request: HEAD https://huggingface.co/Alibaba-DAMO-Academy/RynnBrain-2B/resolve/main/video_preprocessor_config.json "HTTP/1.1 307 Temporary Redirect"
[2026-03-10 12:34:36,729][httpx][INFO] - HTTP Request: HEAD https://huggingface.co/api/resolve-cache/models/Alibaba-DAMO-Academy/RynnBrain-2B/03256cf02fe39a14700d3ea015b3fd950bc4db30/video_preprocessor_config.json "HTTP/1.1 200 OK"
[2026-03-10 12:34:37,065][httpx][INFO] - HTTP Request: HEAD https://huggingface.co/Alibaba-DAMO-Academy/RynnBrain-2B/resolve/main/preprocessor_config.json "HTTP/1.1 307 Temporary Redirect"
[2026-03-10 12:34:37,169][httpx][INFO] - HTTP Request: HEAD https://huggingface.co/api/resolve-cache/models/Alibaba-DAMO-Academy/RynnBrain-2B/03256cf02fe39a14700d3ea015b3fd950bc4db30/preprocessor_config.json "HTTP/1.1 200 OK"
[2026-03-10 12:34:38,106][httpx][INFO] - HTTP Request: HEAD https://huggingface.co/Alibaba-DAMO-Academy/RynnBrain-2B/resolve/main/config.json "HTTP/1.1 307 Temporary Redirect"
[2026-03-10 12:34:38,202][httpx][INFO] - HTTP Request: HEAD https://huggingface.co/api/resolve-cache/models/Alibaba-DAMO-Academy/RynnBrain-2B/03256cf02fe39a14700d3ea015b3fd950bc4db30/config.json "HTTP/1.1 200 OK"
[2026-03-10 12:34:38,534][httpx][INFO] - HTTP Request: HEAD https://huggingface.co/Alibaba-DAMO-Academy/RynnBrain-2B/resolve/main/model.safetensors "HTTP/1.1 302 Found"
[2026-03-10 12:34:38,841][httpx][INFO] - HTTP Request: GET https://huggingface.co/api/models/Alibaba-DAMO-Academy/RynnBrain-2B/xet-read-token/03256cf02fe39a14700d3ea015b3fd950bc4db30 "HTTP/1.1 200 OK"
[2026-03-10 12:54:15,581][httpx][INFO] - HTTP Request: GET https://huggingface.co/api/models/Alibaba-DAMO-Academy/RynnBrain-2B/xet-read-token/03256cf02fe39a14700d3ea015b3fd950bc4db30 "HTTP/1.1 200 OK"
[2026-03-11 14:20:45,377][huggingface_hub.utils._http][WARNING] - '_ssl.c:1015: The handshake operation timed out' thrown while requesting HEAD https://huggingface.co/Alibaba-DAMO-Academy/RynnBrain-2B/resolve/main/generation_config.json
[2026-03-11 14:20:45,476][huggingface_hub.utils._http][WARNING] - Retrying in 1s [Retry 1/5].
[2026-03-11 14:21:46,518][huggingface_hub.utils._http][WARNING] - '_ssl.c:1015: The handshake operation timed out' thrown while requesting HEAD https://huggingface.co/Alibaba-DAMO-Academy/RynnBrain-2B/resolve/main/generation_config.json
[2026-03-11 14:21:46,519][huggingface_hub.utils._http][WARNING] - Retrying in 2s [Retry 2/5].
[2026-03-11 14:22:48,579][huggingface_hub.utils._http][WARNING] - '_ssl.c:1015: The handshake operation timed out' thrown while requesting HEAD https://huggingface.co/Alibaba-DAMO-Academy/RynnBrain-2B/resolve/main/generation_config.json
[2026-03-11 14:22:48,579][huggingface_hub.utils._http][WARNING] - Retrying in 4s [Retry 3/5].
[2026-03-11 14:23:52,637][huggingface_hub.utils._http][WARNING] - '_ssl.c:1015: The handshake operation timed out' thrown while requesting HEAD https://huggingface.co/Alibaba-DAMO-Academy/RynnBrain-2B/resolve/main/generation_config.json
[2026-03-11 14:23:52,637][huggingface_hub.utils._http][WARNING] - Retrying in 8s [Retry 4/5].
[2026-03-11 14:25:00,686][huggingface_hub.utils._http][WARNING] - '_ssl.c:1015: The handshake operation timed out' thrown while requesting HEAD https://huggingface.co/Alibaba-DAMO-Academy/RynnBrain-2B/resolve/main/generation_config.json
[2026-03-11 14:25:00,687][huggingface_hub.utils._http][WARNING] - Retrying in 8s [Retry 5/5].
[2026-03-11 14:26:08,749][huggingface_hub.utils._http][WARNING] - '_ssl.c:1015: The handshake operation timed out' thrown while requesting HEAD https://huggingface.co/Alibaba-DAMO-Academy/RynnBrain-2B/resolve/main/generation_config.json
