[2026-03-12 03:51:09,017][httpx][INFO] - HTTP Request: GET https://huggingface.co/api/models/Alibaba-DAMO-Academy/RynnBrain-2B/tree/main/additional_chat_templates?recursive=false&expand=false "HTTP/1.1 404 Not Found"
[2026-03-12 03:51:09,413][httpx][INFO] - HTTP Request: HEAD https://huggingface.co/Alibaba-DAMO-Academy/RynnBrain-2B/resolve/main/processor_config.json "HTTP/1.1 404 Not Found"
[2026-03-12 03:51:09,766][httpx][INFO] - HTTP Request: HEAD https://huggingface.co/Alibaba-DAMO-Academy/RynnBrain-2B/resolve/main/chat_template.json "HTTP/1.1 404 Not Found"
[2026-03-12 03:51:10,158][httpx][INFO] - HTTP Request: HEAD https://huggingface.co/Alibaba-DAMO-Academy/RynnBrain-2B/resolve/main/chat_template.jinja "HTTP/1.1 307 Temporary Redirect"
[2026-03-12 03:51:10,461][httpx][INFO] - HTTP Request: HEAD https://huggingface.co/api/resolve-cache/models/Alibaba-DAMO-Academy/RynnBrain-2B/03256cf02fe39a14700d3ea015b3fd950bc4db30/chat_template.jinja "HTTP/1.1 200 OK"
[2026-03-12 03:51:10,820][httpx][INFO] - HTTP Request: HEAD https://huggingface.co/Alibaba-DAMO-Academy/RynnBrain-2B/resolve/main/audio_tokenizer_config.json "HTTP/1.1 404 Not Found"
[2026-03-12 03:51:11,215][httpx][INFO] - HTTP Request: HEAD https://huggingface.co/Alibaba-DAMO-Academy/RynnBrain-2B/resolve/main/processor_config.json "HTTP/1.1 404 Not Found"
[2026-03-12 03:51:11,215][huggingface_hub.utils._http][WARNING] - Warning: You are sending unauthenticated requests to the HF Hub. Please set a HF_TOKEN to enable higher rate limits and faster downloads.
[2026-03-12 03:51:11,569][httpx][INFO] - HTTP Request: HEAD https://huggingface.co/Alibaba-DAMO-Academy/RynnBrain-2B/resolve/main/preprocessor_config.json "HTTP/1.1 307 Temporary Redirect"
[2026-03-12 03:51:11,870][httpx][INFO] - HTTP Request: HEAD https://huggingface.co/api/resolve-cache/models/Alibaba-DAMO-Academy/RynnBrain-2B/03256cf02fe39a14700d3ea015b3fd950bc4db30/preprocessor_config.json "HTTP/1.1 200 OK"
[2026-03-12 03:51:12,261][httpx][INFO] - HTTP Request: HEAD https://huggingface.co/Alibaba-DAMO-Academy/RynnBrain-2B/resolve/main/processor_config.json "HTTP/1.1 404 Not Found"
[2026-03-12 03:51:12,666][httpx][INFO] - HTTP Request: HEAD https://huggingface.co/Alibaba-DAMO-Academy/RynnBrain-2B/resolve/main/preprocessor_config.json "HTTP/1.1 307 Temporary Redirect"
[2026-03-12 03:51:13,010][httpx][INFO] - HTTP Request: HEAD https://huggingface.co/api/resolve-cache/models/Alibaba-DAMO-Academy/RynnBrain-2B/03256cf02fe39a14700d3ea015b3fd950bc4db30/preprocessor_config.json "HTTP/1.1 200 OK"
[2026-03-12 03:51:13,356][httpx][INFO] - HTTP Request: HEAD https://huggingface.co/Alibaba-DAMO-Academy/RynnBrain-2B/resolve/main/config.json "HTTP/1.1 307 Temporary Redirect"
[2026-03-12 03:51:13,679][httpx][INFO] - HTTP Request: HEAD https://huggingface.co/api/resolve-cache/models/Alibaba-DAMO-Academy/RynnBrain-2B/03256cf02fe39a14700d3ea015b3fd950bc4db30/config.json "HTTP/1.1 200 OK"
[2026-03-12 03:51:14,070][httpx][INFO] - HTTP Request: HEAD https://huggingface.co/Alibaba-DAMO-Academy/RynnBrain-2B/resolve/main/tokenizer_config.json "HTTP/1.1 307 Temporary Redirect"
[2026-03-12 03:51:14,375][httpx][INFO] - HTTP Request: HEAD https://huggingface.co/api/resolve-cache/models/Alibaba-DAMO-Academy/RynnBrain-2B/03256cf02fe39a14700d3ea015b3fd950bc4db30/tokenizer_config.json "HTTP/1.1 200 OK"
[2026-03-12 03:51:14,799][httpx][INFO] - HTTP Request: GET https://huggingface.co/api/models/Alibaba-DAMO-Academy/RynnBrain-2B/tree/main/additional_chat_templates?recursive=false&expand=false "HTTP/1.1 404 Not Found"
[2026-03-12 03:51:15,181][httpx][INFO] - HTTP Request: GET https://huggingface.co/api/models/Alibaba-DAMO-Academy/RynnBrain-2B/tree/main?recursive=true&expand=false "HTTP/1.1 200 OK"
[2026-03-12 03:51:16,425][httpx][INFO] - HTTP Request: GET https://huggingface.co/api/models/Alibaba-DAMO-Academy/RynnBrain-2B "HTTP/1.1 200 OK"
[2026-03-12 03:51:16,841][httpx][INFO] - HTTP Request: HEAD https://huggingface.co/Alibaba-DAMO-Academy/RynnBrain-2B/resolve/main/processor_config.json "HTTP/1.1 404 Not Found"
[2026-03-12 03:51:17,236][httpx][INFO] - HTTP Request: HEAD https://huggingface.co/Alibaba-DAMO-Academy/RynnBrain-2B/resolve/main/video_preprocessor_config.json "HTTP/1.1 307 Temporary Redirect"
[2026-03-12 03:51:17,589][httpx][INFO] - HTTP Request: HEAD https://huggingface.co/api/resolve-cache/models/Alibaba-DAMO-Academy/RynnBrain-2B/03256cf02fe39a14700d3ea015b3fd950bc4db30/video_preprocessor_config.json "HTTP/1.1 200 OK"
[2026-03-12 03:51:17,997][httpx][INFO] - HTTP Request: HEAD https://huggingface.co/Alibaba-DAMO-Academy/RynnBrain-2B/resolve/main/preprocessor_config.json "HTTP/1.1 307 Temporary Redirect"
[2026-03-12 03:51:18,322][httpx][INFO] - HTTP Request: HEAD https://huggingface.co/api/resolve-cache/models/Alibaba-DAMO-Academy/RynnBrain-2B/03256cf02fe39a14700d3ea015b3fd950bc4db30/preprocessor_config.json "HTTP/1.1 200 OK"
[2026-03-12 03:51:18,765][httpx][INFO] - HTTP Request: HEAD https://huggingface.co/Alibaba-DAMO-Academy/RynnBrain-2B/resolve/main/processor_config.json "HTTP/1.1 404 Not Found"
[2026-03-12 03:51:19,140][httpx][INFO] - HTTP Request: HEAD https://huggingface.co/Alibaba-DAMO-Academy/RynnBrain-2B/resolve/main/video_preprocessor_config.json "HTTP/1.1 307 Temporary Redirect"
[2026-03-12 03:51:19,474][httpx][INFO] - HTTP Request: HEAD https://huggingface.co/api/resolve-cache/models/Alibaba-DAMO-Academy/RynnBrain-2B/03256cf02fe39a14700d3ea015b3fd950bc4db30/video_preprocessor_config.json "HTTP/1.1 200 OK"
[2026-03-12 03:51:19,924][httpx][INFO] - HTTP Request: HEAD https://huggingface.co/Alibaba-DAMO-Academy/RynnBrain-2B/resolve/main/preprocessor_config.json "HTTP/1.1 307 Temporary Redirect"
[2026-03-12 03:51:20,229][httpx][INFO] - HTTP Request: HEAD https://huggingface.co/api/resolve-cache/models/Alibaba-DAMO-Academy/RynnBrain-2B/03256cf02fe39a14700d3ea015b3fd950bc4db30/preprocessor_config.json "HTTP/1.1 200 OK"
[2026-03-12 03:51:21,357][httpx][INFO] - HTTP Request: HEAD https://huggingface.co/Alibaba-DAMO-Academy/RynnBrain-2B/resolve/main/config.json "HTTP/1.1 307 Temporary Redirect"
[2026-03-12 03:51:22,184][httpx][INFO] - HTTP Request: HEAD https://huggingface.co/api/resolve-cache/models/Alibaba-DAMO-Academy/RynnBrain-2B/03256cf02fe39a14700d3ea015b3fd950bc4db30/config.json "HTTP/1.1 200 OK"
[2026-03-12 03:51:22,590][httpx][INFO] - HTTP Request: HEAD https://huggingface.co/Alibaba-DAMO-Academy/RynnBrain-2B/resolve/main/model.safetensors "HTTP/1.1 302 Found"
[2026-03-12 03:51:23,373][httpx][INFO] - HTTP Request: HEAD https://huggingface.co/Alibaba-DAMO-Academy/RynnBrain-2B/resolve/main/generation_config.json "HTTP/1.1 307 Temporary Redirect"
[2026-03-12 03:51:23,678][httpx][INFO] - HTTP Request: HEAD https://huggingface.co/api/resolve-cache/models/Alibaba-DAMO-Academy/RynnBrain-2B/03256cf02fe39a14700d3ea015b3fd950bc4db30/generation_config.json "HTTP/1.1 200 OK"
