[2026-03-10 12:29:11,406][httpx][INFO] - HTTP Request: GET https://huggingface.co/api/models/Alibaba-DAMO-Academy/RynnBrain-2B/tree/main/additional_chat_templates?recursive=false&expand=false "HTTP/1.1 404 Not Found"
[2026-03-10 12:29:11,737][httpx][INFO] - HTTP Request: HEAD https://huggingface.co/Alibaba-DAMO-Academy/RynnBrain-2B/resolve/main/processor_config.json "HTTP/1.1 404 Not Found"
[2026-03-10 12:29:11,738][huggingface_hub.utils._http][WARNING] - Warning: You are sending unauthenticated requests to the HF Hub. Please set a HF_TOKEN to enable higher rate limits and faster downloads.
[2026-03-10 12:29:12,031][httpx][INFO] - HTTP Request: HEAD https://huggingface.co/Alibaba-DAMO-Academy/RynnBrain-2B/resolve/main/chat_template.json "HTTP/1.1 404 Not Found"
[2026-03-10 12:29:12,355][httpx][INFO] - HTTP Request: HEAD https://huggingface.co/Alibaba-DAMO-Academy/RynnBrain-2B/resolve/main/chat_template.jinja "HTTP/1.1 307 Temporary Redirect"
[2026-03-10 12:29:12,440][httpx][INFO] - HTTP Request: HEAD https://huggingface.co/api/resolve-cache/models/Alibaba-DAMO-Academy/RynnBrain-2B/03256cf02fe39a14700d3ea015b3fd950bc4db30/chat_template.jinja "HTTP/1.1 200 OK"
[2026-03-10 12:29:12,531][httpx][INFO] - HTTP Request: GET https://huggingface.co/api/resolve-cache/models/Alibaba-DAMO-Academy/RynnBrain-2B/03256cf02fe39a14700d3ea015b3fd950bc4db30/chat_template.jinja "HTTP/1.1 200 OK"
[2026-03-10 12:29:12,903][httpx][INFO] - HTTP Request: HEAD https://huggingface.co/Alibaba-DAMO-Academy/RynnBrain-2B/resolve/main/audio_tokenizer_config.json "HTTP/1.1 404 Not Found"
[2026-03-10 12:29:13,202][httpx][INFO] - HTTP Request: HEAD https://huggingface.co/Alibaba-DAMO-Academy/RynnBrain-2B/resolve/main/processor_config.json "HTTP/1.1 404 Not Found"
[2026-03-10 12:29:13,494][httpx][INFO] - HTTP Request: HEAD https://huggingface.co/Alibaba-DAMO-Academy/RynnBrain-2B/resolve/main/preprocessor_config.json "HTTP/1.1 307 Temporary Redirect"
[2026-03-10 12:29:13,778][httpx][INFO] - HTTP Request: HEAD https://huggingface.co/api/resolve-cache/models/Alibaba-DAMO-Academy/RynnBrain-2B/03256cf02fe39a14700d3ea015b3fd950bc4db30/preprocessor_config.json "HTTP/1.1 200 OK"
[2026-03-10 12:29:14,084][httpx][INFO] - HTTP Request: GET https://huggingface.co/api/resolve-cache/models/Alibaba-DAMO-Academy/RynnBrain-2B/03256cf02fe39a14700d3ea015b3fd950bc4db30/preprocessor_config.json "HTTP/1.1 200 OK"
[2026-03-10 12:29:14,420][httpx][INFO] - HTTP Request: HEAD https://huggingface.co/Alibaba-DAMO-Academy/RynnBrain-2B/resolve/main/processor_config.json "HTTP/1.1 404 Not Found"
[2026-03-10 12:29:14,714][httpx][INFO] - HTTP Request: HEAD https://huggingface.co/Alibaba-DAMO-Academy/RynnBrain-2B/resolve/main/preprocessor_config.json "HTTP/1.1 307 Temporary Redirect"
[2026-03-10 12:29:14,787][httpx][INFO] - HTTP Request: HEAD https://huggingface.co/api/resolve-cache/models/Alibaba-DAMO-Academy/RynnBrain-2B/03256cf02fe39a14700d3ea015b3fd950bc4db30/preprocessor_config.json "HTTP/1.1 200 OK"
[2026-03-10 12:29:15,077][httpx][INFO] - HTTP Request: HEAD https://huggingface.co/Alibaba-DAMO-Academy/RynnBrain-2B/resolve/main/config.json "HTTP/1.1 307 Temporary Redirect"
[2026-03-10 12:29:15,159][httpx][INFO] - HTTP Request: HEAD https://huggingface.co/api/resolve-cache/models/Alibaba-DAMO-Academy/RynnBrain-2B/03256cf02fe39a14700d3ea015b3fd950bc4db30/config.json "HTTP/1.1 200 OK"
[2026-03-10 12:29:15,240][httpx][INFO] - HTTP Request: GET https://huggingface.co/api/resolve-cache/models/Alibaba-DAMO-Academy/RynnBrain-2B/03256cf02fe39a14700d3ea015b3fd950bc4db30/config.json "HTTP/1.1 200 OK"
[2026-03-10 12:29:15,561][httpx][INFO] - HTTP Request: HEAD https://huggingface.co/Alibaba-DAMO-Academy/RynnBrain-2B/resolve/main/tokenizer_config.json "HTTP/1.1 307 Temporary Redirect"
[2026-03-10 12:29:15,642][httpx][INFO] - HTTP Request: HEAD https://huggingface.co/api/resolve-cache/models/Alibaba-DAMO-Academy/RynnBrain-2B/03256cf02fe39a14700d3ea015b3fd950bc4db30/tokenizer_config.json "HTTP/1.1 200 OK"
[2026-03-10 12:29:15,723][httpx][INFO] - HTTP Request: GET https://huggingface.co/api/resolve-cache/models/Alibaba-DAMO-Academy/RynnBrain-2B/03256cf02fe39a14700d3ea015b3fd950bc4db30/tokenizer_config.json "HTTP/1.1 200 OK"
[2026-03-10 12:29:16,094][httpx][INFO] - HTTP Request: GET https://huggingface.co/api/models/Alibaba-DAMO-Academy/RynnBrain-2B/tree/main/additional_chat_templates?recursive=false&expand=false "HTTP/1.1 404 Not Found"
[2026-03-10 12:29:16,436][httpx][INFO] - HTTP Request: GET https://huggingface.co/api/models/Alibaba-DAMO-Academy/RynnBrain-2B/tree/main?recursive=true&expand=false "HTTP/1.1 200 OK"
[2026-03-10 12:29:16,795][httpx][INFO] - HTTP Request: HEAD https://huggingface.co/Alibaba-DAMO-Academy/RynnBrain-2B/resolve/main/vocab.json "HTTP/1.1 307 Temporary Redirect"
[2026-03-10 12:29:16,871][httpx][INFO] - HTTP Request: HEAD https://huggingface.co/api/resolve-cache/models/Alibaba-DAMO-Academy/RynnBrain-2B/03256cf02fe39a14700d3ea015b3fd950bc4db30/vocab.json "HTTP/1.1 200 OK"
[2026-03-10 12:29:17,179][httpx][INFO] - HTTP Request: GET https://huggingface.co/api/resolve-cache/models/Alibaba-DAMO-Academy/RynnBrain-2B/03256cf02fe39a14700d3ea015b3fd950bc4db30/vocab.json "HTTP/1.1 200 OK"
[2026-03-10 12:29:17,931][httpx][INFO] - HTTP Request: HEAD https://huggingface.co/Alibaba-DAMO-Academy/RynnBrain-2B/resolve/main/merges.txt "HTTP/1.1 307 Temporary Redirect"
[2026-03-10 12:29:18,020][httpx][INFO] - HTTP Request: HEAD https://huggingface.co/api/resolve-cache/models/Alibaba-DAMO-Academy/RynnBrain-2B/03256cf02fe39a14700d3ea015b3fd950bc4db30/merges.txt "HTTP/1.1 200 OK"
[2026-03-10 12:29:18,325][httpx][INFO] - HTTP Request: GET https://huggingface.co/api/resolve-cache/models/Alibaba-DAMO-Academy/RynnBrain-2B/03256cf02fe39a14700d3ea015b3fd950bc4db30/merges.txt "HTTP/1.1 200 OK"
[2026-03-10 12:29:18,712][httpx][INFO] - HTTP Request: HEAD https://huggingface.co/Alibaba-DAMO-Academy/RynnBrain-2B/resolve/main/tokenizer.json "HTTP/1.1 302 Found"
[2026-03-10 12:29:19,099][httpx][INFO] - HTTP Request: GET https://huggingface.co/api/models/Alibaba-DAMO-Academy/RynnBrain-2B/xet-read-token/03256cf02fe39a14700d3ea015b3fd950bc4db30 "HTTP/1.1 200 OK"
